e:\github\shakra\shakradrv\x64\debug\vc142.pdb
e:\github\shakra\shakradrv\x64\debug\vc142.idb
e:\github\shakra\shakradrv\x64\debug\winmain.obj
e:\github\shakra\shakradrv\x64\debug\winerror.obj
e:\github\shakra\shakradrv\x64\debug\windriver.obj
e:\github\shakra\shakradrv\x64\debug\basslib.obj
e:\github\shakra\shakradrv\x64\debug\shakra.dll
e:\github\shakra\shakradrv\x64\debug\shakra.ilk
e:\github\shakra\shakradrv\x64\debug\shakra.pdb
e:\github\shakra\shakradrv\x64\debug\resource.res
e:\github\shakra\shakradrv\x64\debug\shakra.lib
e:\github\shakra\shakradrv\x64\debug\shakra.exp
e:\github\shakra\shakradrv\x64\debug\shakra.tlog\cl.command.1.tlog
e:\github\shakra\shakradrv\x64\debug\shakra.tlog\cl.read.1.tlog
e:\github\shakra\shakradrv\x64\debug\shakra.tlog\cl.write.1.tlog
e:\github\shakra\shakradrv\x64\debug\shakra.tlog\link.14500.delete.1.tlog
e:\github\shakra\shakradrv\x64\debug\shakra.tlog\link.command.1.tlog
e:\github\shakra\shakradrv\x64\debug\shakra.tlog\link.delete.1.tlog
e:\github\shakra\shakradrv\x64\debug\shakra.tlog\link.read.1.tlog
e:\github\shakra\shakradrv\x64\debug\shakra.tlog\link.write.1.tlog
e:\github\shakra\shakradrv\x64\debug\shakra.tlog\rc.command.1.tlog
e:\github\shakra\shakradrv\x64\debug\shakra.tlog\rc.read.1.tlog
e:\github\shakra\shakradrv\x64\debug\shakra.tlog\rc.write.1.tlog
e:\github\shakra\shakradrv\x64\debug\shakra.tlog\shakra.write.1u.tlog
